<?xml version="1.0" encoding="UTF-8"?>
<!-- Generated by org.testng.reporters.JUnitReportReporter -->
<testsuite skipped="0" hostname="ADFGs-MacBook-Pro-2.local" name="Swoo_Android.maven.AppTest" tests="1" failures="0" timestamp="17 May 2017 09:25:27 GMT" time="100.352" errors="0">
  <testcase name="GuestUserDiscoverSearch" time="100.352" classname="Swoo_Android.maven.AppTest"/>
</testsuite> <!-- Swoo_Android.maven.AppTest -->
