<?xml version="1.0" encoding="UTF-8"?>
<!-- Generated by org.testng.reporters.JUnitReportReporter -->
<testsuite skipped="0" hostname="ADFGs-MacBook-Pro-2.local" name="Swoo_iOS.maven.AppTest" tests="1" failures="0" timestamp="11 Jun 2017 10:57:48 GMT" time="102.048" errors="0">
  <testcase name="GuestUserBroadcastDetails" time="102.048" classname="Swoo_iOS.maven.AppTest"/>
</testsuite> <!-- Swoo_iOS.maven.AppTest -->
